#
# A fatal error has been detected by the Java Runtime Environment:
#
#  EXCEPTION_ACCESS_VIOLATION (0xc0000005) at pc=0x000003f9810875ff, pid=8868, tid=4344
#
# JRE version: Java(TM) SE Runtime Environment (18.0.2+9) (build 18.0.2+9-61)
# Java VM: Java HotSpot(TM) 64-Bit Server VM (18.0.2+9-61, mixed mode, sharing, tiered, compressed oops, compressed class ptrs, g1 gc, windows-amd64)
# Problematic frame:
# C  0x000003f9810875ff
#
# No core dump will be written. Minidumps are not enabled by default on client versions of Windows
#
# If you would like to submit a bug report, please visit:
#   https://bugreport.java.com/bugreport/crash.jsp
#

---------------  S U M M A R Y ------------

Command Line: -ea -javaagent:C:\Users\Krisz\.m2\repository/org/aspectj/aspectjweaver/1.9.9.1/aspectjweaver-1.9.9.1.jar -Didea.test.cyclic.buffer.size=1048576 -javaagent:C:\Users\Krisz\AppData\Local\JetBrains\Toolbox\apps\IDEA-U\ch-0\221.6008.13\lib\idea_rt.jar=57559:C:\Users\Krisz\AppData\Local\JetBrains\Toolbox\apps\IDEA-U\ch-0\221.6008.13\bin -Dfile.encoding=UTF-8 com.intellij.rt.junit.JUnitStarter -ideVersion5 -junit5 com.codecool.testautomation.test.PermissionsWithGlassTest,CheckPermissionAccess

Host: AMD FX(tm)-6300 Six-Core Processor             , 6 cores, 11G,  Windows 10 , 64 bit Build 19041 (10.0.19041.546)
Time: Wed Aug 17 08:21:46 2022 Közép-európai nyári iduild 19041 (10.0.19041.546) elapsed time: 3.543206 seconds (0d 0h 0m 3s)

---------------  T H R E A D  ---------------

Current thread (0x0000012baa1473c0):  JavaThread "C2 CompilerThread0" daemon [_thread_in_native, id=4344, stack(0x0000000eb3d00000,0x0000000eb3e00000)]


Current CompileTask:
C2:   3543 3070 %     4       org.aspectj.util.GenericSignatureParser::tokenize @ 34 (822 bytes)

Stack: [0x0000000eb3d00000,0x0000000eb3e00000],  sp=0x0000000eb3dfb788,  free space=1005k
Native frames: (J=compiled Java code, j=interpreted, Vv=VM code, C=native code)
C  0x000003f9810875ff


siginfo: EXCEPTION_ACCESS_VIOLATION (0xc0000005), data execution prevention violation at address 0x000003f9810875ff


Register to memory mapping:

RIP=0x000003f9810875ff is an unknown value
RAX=0x00007ffa69f74348 jvm.dll
RBX=0x0000012bb0f67200 points into unknown readable memory: 0x00007ffa69f74348 | 48 43 f7 69 fa 7f 00 00
RCX=0x0000012bb0f67200 points into unknown readable memory: 0x00007ffa69f74348 | 48 43 f7 69 fa 7f 00 00
RDX=0x0000000000001af5 is an unknown value
RSP=0x0000000eb3dfb788 is pointing into the stack for thread: 0x0000012baa1473c0
RBP=0x0000000000000004 is an unknown value
RSI=0x0000012baf62b080 points into unknown readable memory: 0x00007ffa6a067370 | 70 73 06 6a fa 7f 00 00
RDI=0x0 is NULL
R8 =0x000000000ffffcff is an unknown value
R9 =0x0 is NULL
R10=0x0 is NULL
R11=0x0000000000000246 is an unknown value
R12=0x0000000000000114 is an unknown value
R13=0x0000000000002aa0 is an unknown value
R14=0x0000000000000020 is an unknown value
R15=0x0000000eb3dfb8c0 is pointing into the stack for thread: 0x0000012baa1473c0


Registers:
RAX=0x00007ffa69f74348, RBX=0x0000012bb0f67200, RCX=0x0000012bb0f67200, RDX=0x0000000000001af5
RSP=0x0000000eb3dfb788, RBP=0x0000000000000004, RSI=0x0000012baf62b080, RDI=0x0000000000000000
R8 =0x000000000ffffcff, R9 =0x0000000000000000, R10=0x0000000000000000, R11=0x0000000000000246
R12=0x0000000000000114, R13=0x0000000000002aa0, R14=0x0000000000000020, R15=0x0000000eb3dfb8c0
RIP=0x000003f9810875ff, EFLAGS=0x0000000000010297

Top of Stack: (sp=0x0000000eb3dfb788)
0x0000000eb3dfb788:   00007ffa6995588b 0000012bb0f52cf8
0x0000000eb3dfb798:   0000000000000007 0000000eb3dfb828
0x0000000eb3dfb7a8:   00007ffa69b0427a 0000000000000000
0x0000000eb3dfb7b8:   0000012bafa54fc0 00000000000003d8
0x0000000eb3dfb7c8:   0000012bafa54fb0 0000000eb3dfbcb0
0x0000000eb3dfb7d8:   00007ffa69acfc7d 0000000000000006
0x0000000eb3dfb7e8:   00000000ffffff01 0000000eb3dfb8e0
0x0000000eb3dfb7f8:   0000012bafa55398 000000007fffff01
0x0000000eb3dfb808:   0000000056004e18 0000000000000101
0x0000000eb3dfb818:   0000012b02000000 0000000000002002
0x0000000eb3dfb828:   00007ffa00000007 0000012bafa54fb0
0x0000000eb3dfb838:   0000012bafa54fb0 0000012bafa54fc0
0x0000000eb3dfb848:   0000012bafa55398 00000000000003d8
0x0000000eb3dfb858:   0000012bb079ef00 0000012bb07a9a20
0x0000000eb3dfb868:   0000012bb079ef10 0000012baa139350
0x0000000eb3dfb878:   00007ffa00000200 0000012bb0967fd0 

Instructions: (pc=0x000003f9810875ff)
0x000003f9810874ff:   ?? ?? ?? ?? ?? ?? ?? ?? ?? ?? ?? ?? ?? ?? ?? ??
0x000003f98108750f:   ?? ?? ?? ?? ?? ?? ?? ?? ?? ?? ?? ?? ?? ?? ?? ??
0x000003f98108751f:   ?? ?? ?? ?? ?? ?? ?? ?? ?? ?? ?? ?? ?? ?? ?? ??
0x000003f98108752f:   ?? ?? ?? ?? ?? ?? ?? ?? ?? ?? ?? ?? ?? ?? ?? ??
0x000003f98108753f:   ?? ?? ?? ?? ?? ?? ?? ?? ?? ?? ?? ?? ?? ?? ?? ??
0x000003f98108754f:   ?? ?? ?? ?? ?? ?? ?? ?? ?? ?? ?? ?? ?? ?? ?? ??
0x000003f98108755f:   ?? ?? ?? ?? ?? ?? ?? ?? ?? ?? ?? ?? ?? ?? ?? ??
0x000003f98108756f:   ?? ?? ?? ?? ?? ?? ?? ?? ?? ?? ?? ?? ?? ?? ?? ??
0x000003f98108757f:   ?? ?? ?? ?? ?? ?? ?? ?? ?? ?? ?? ?? ?? ?? ?? ??
0x000003f98108758f:   ?? ?? ?? ?? ?? ?? ?? ?? ?? ?? ?? ?? ?? ?? ?? ??
0x000003f98108759f:   ?? ?? ?? ?? ?? ?? ?? ?? ?? ?? ?? ?? ?? ?? ?? ??
0x000003f9810875af:   ?? ?? ?? ?? ?? ?? ?? ?? ?? ?? ?? ?? ?? ?? ?? ??
0x000003f9810875bf:   ?? ?? ?? ?? ?? ?? ?? ?? ?? ?? ?? ?? ?? ?? ?? ??
0x000003f9810875cf:   ?? ?? ?? ?? ?? ?? ?? ?? ?? ?? ?? ?? ?? ?? ?? ??
0x000003f9810875df:   ?? ?? ?? ?? ?? ?? ?? ?? ?? ?? ?? ?? ?? ?? ?? ??
0x000003f9810875ef:   ?? ?? ?? ?? ?? ?? ?? ?? ?? ?? ?? ?? ?? ?? ?? ??
0x000003f9810875ff:   ?? ?? ?? ?? ?? ?? ?? ?? ?? ?? ?? ?? ?? ?? ?? ??
0x000003f98108760f:   ?? ?? ?? ?? ?? ?? ?? ?? ?? ?? ?? ?? ?? ?? ?? ??
0x000003f98108761f:   ?? ?? ?? ?? ?? ?? ?? ?? ?? ?? ?? ?? ?? ?? ?? ??
0x000003f98108762f:   ?? ?? ?? ?? ?? ?? ?? ?? ?? ?? ?? ?? ?? ?? ?? ??
0x000003f98108763f:   ?? ?? ?? ?? ?? ?? ?? ?? ?? ?? ?? ?? ?? ?? ?? ??
0x000003f98108764f:   ?? ?? ?? ?? ?? ?? ?? ?? ?? ?? ?? ?? ?? ?? ?? ??
0x000003f98108765f:   ?? ?? ?? ?? ?? ?? ?? ?? ?? ?? ?? ?? ?? ?? ?? ??
0x000003f98108766f:   ?? ?? ?? ?? ?? ?? ?? ?? ?? ?? ?? ?? ?? ?? ?? ??
0x000003f98108767f:   ?? ?? ?? ?? ?? ?? ?? ?? ?? ?? ?? ?? ?? ?? ?? ??
0x000003f98108768f:   ?? ?? ?? ?? ?? ?? ?? ?? ?? ?? ?? ?? ?? ?? ?? ??
0x000003f98108769f:   ?? ?? ?? ?? ?? ?? ?? ?? ?? ?? ?? ?? ?? ?? ?? ??
0x000003f9810876af:   ?? ?? ?? ?? ?? ?? ?? ?? ?? ?? ?? ?? ?? ?? ?? ??
0x000003f9810876bf:   ?? ?? ?? ?? ?? ?? ?? ?? ?? ?? ?? ?? ?? ?? ?? ??
0x000003f9810876cf:   ?? ?? ?? ?? ?? ?? ?? ?? ?? ?? ?? ?? ?? ?? ?? ??
0x000003f9810876df:   ?? ?? ?? ?? ?? ?? ?? ?? ?? ?? ?? ?? ?? ?? ?? ??
0x000003f9810876ef:   ?? ?? ?? ?? ?? ?? ?? ?? ?? ?? ?? ?? ?? ?? ?? ?? 


Stack slot to memory mapping:
stack at sp + 0 slots: 0x00007ffa6995588b jvm.dll
stack at sp + 1 slots: 0x0000012bb0f52cf8 points into unknown readable memory: 0x00007ffa6a062e50 | 50 2e 06 6a fa 7f 00 00
stack at sp + 2 slots: 0x0000000000000007 is an unknown value
stack at sp + 3 slots: 0x0000000eb3dfb828 is pointing into the stack for thread: 0x0000012baa1473c0
stack at sp + 4 slots: 0x00007ffa69b0427a jvm.dll
stack at sp + 5 slots: 0x0 is NULL
stack at sp + 6 slots: 0x0000012bafa54fc0 points into unknown readable memory: 0x0000000eb3eff058 | 58 f0 ef b3 0e 00 00 00
stack at sp + 7 slots: 0x00000000000003d8 is an unknown value


---------------  P R O C E S S  ---------------

Threads class SMR info:
_java_thread_list=0x0000012bafe5b740, length=16, elements={
0x0000012b89d5e200, 0x0000012baa128ec0, 0x0000012baa129b20, 0x0000012baa13e220,
0x0000012baa13fae0, 0x0000012baa140480, 0x0000012baa140f60, 0x0000012baa1473c0,
0x0000012baa14fdb0, 0x0000012baa18df90, 0x0000012b89e1c4d0, 0x0000012bae598930,
0x0000012baf41f660, 0x0000012baf3ae0b0, 0x0000012baf3b0260, 0x0000012baf3b0c00
}

Java Threads: ( => current thread )
  0x0000012b89d5e200 JavaThread "main" [_thread_in_Java, id=18048, stack(0x0000000eb3000000,0x0000000eb3100000)]
  0x0000012baa128ec0 JavaThread "Reference Handler" daemon [_thread_blocked, id=16884, stack(0x0000000eb3700000,0x0000000eb3800000)]
  0x0000012baa129b20 JavaThread "Finalizer" daemon [_thread_blocked, id=16456, stack(0x0000000eb3800000,0x0000000eb3900000)]
  0x0000012baa13e220 JavaThread "Signal Dispatcher" daemon [_thread_blocked, id=6056, stack(0x0000000eb3900000,0x0000000eb3a00000)]
  0x0000012baa13fae0 JavaThread "Attach Listener" daemon [_thread_blocked, id=4748, stack(0x0000000eb3a00000,0x0000000eb3b00000)]
  0x0000012baa140480 JavaThread "Service Thread" daemon [_thread_blocked, id=2896, stack(0x0000000eb3b00000,0x0000000eb3c00000)]
  0x0000012baa140f60 JavaThread "Monitor Deflation Thread" daemon [_thread_blocked, id=4816, stack(0x0000000eb3c00000,0x0000000eb3d00000)]
=>0x0000012baa1473c0 JavaThread "C2 CompilerThread0" daemon [_thread_in_native, id=4344, stack(0x0000000eb3d00000,0x0000000eb3e00000)]
  0x0000012baa14fdb0 JavaThread "C1 CompilerThread0" daemon [_thread_in_native, id=7448, stack(0x0000000eb3e00000,0x0000000eb3f00000)]
  0x0000012baa18df90 JavaThread "Sweeper thread" daemon [_thread_blocked, id=21612, stack(0x0000000eb3f00000,0x0000000eb4000000)]
  0x0000012b89e1c4d0 JavaThread "Common-Cleaner" daemon [_thread_blocked, id=11300, stack(0x0000000eb4000000,0x0000000eb4100000)]
  0x0000012bae598930 JavaThread "C2 CompilerThread1" daemon [_thread_in_native, id=4360, stack(0x0000000eb4100000,0x0000000eb4200000)]
  0x0000012baf41f660 JavaThread "Monitor Ctrl-Break" daemon [_thread_in_native, id=13360, stack(0x0000000eb4600000,0x0000000eb4700000)]
  0x0000012baf3ae0b0 JavaThread "Notification Thread" daemon [_thread_blocked, id=11164, stack(0x0000000eb4700000,0x0000000eb4800000)]
  0x0000012baf3b0260 JavaThread "ForkJoinPool.commonPool-worker-1" daemon [_thread_blocked, id=6532, stack(0x0000000eb4a00000,0x0000000eb4b00000)]
  0x0000012baf3b0c00 JavaThread "AsyncHttpClient-1-1" daemon [_thread_blocked, id=10956, stack(0x0000000eb4b00000,0x0000000eb4c00000)]

Other Threads:
  0x0000012baa11fea0 VMThread "VM Thread" [stack: 0x0000000eb3600000,0x0000000eb3700000] [id=21160]
  0x0000012bae53da60 WatcherThread "VM Periodic Task Thread" [stack: 0x0000000eb4800000,0x0000000eb4900000] [id=12632]
  0x0000012b89dbbac0 WorkerThread "GC Thread#0" [stack: 0x0000000eb3100000,0x0000000eb3200000] [id=18560]
  0x0000012baa139df0 WorkerThread "GC Thread#1" [stack: 0x0000000eb4200000,0x0000000eb4300000] [id=8252]
  0x0000012baf41a570 WorkerThread "GC Thread#2" [stack: 0x0000000eb4300000,0x0000000eb4400000] [id=18308]
  0x0000012baf41a810 WorkerThread "GC Thread#3" [stack: 0x0000000eb4400000,0x0000000eb4500000] [id=10160]
  0x0000012baf163a60 WorkerThread "GC Thread#4" [stack: 0x0000000eb4500000,0x0000000eb4600000] [id=7280]
  0x0000012baf60f850 WorkerThread "GC Thread#5" [stack: 0x0000000eb4900000,0x0000000eb4a00000] [id=5988]
  0x0000012b89dc99c0 ConcurrentGCThread "G1 Main Marker" [stack: 0x0000000eb3200000,0x0000000eb3300000] [id=2536]
  0x0000012b89dcab50 WorkerThread "G1 Conc#0" [stack: 0x0000000eb3300000,0x0000000eb3400000] [id=6844]
  0x0000012baf8a9040 WorkerThread "G1 Conc#1" [stack: 0x0000000eb4c00000,0x0000000eb4d00000] [id=14952]
  0x0000012b89e056c0 ConcurrentGCThread "G1 Refine#0" [stack: 0x0000000eb3400000,0x0000000eb3500000] [id=1152]
  0x0000012b89e05fd0 ConcurrentGCThread "G1 Service" [stack: 0x0000000eb3500000,0x0000000eb3600000] [id=3456]

Threads with active compile tasks:
C2 CompilerThread0     3607 3070 %     4       org.aspectj.util.GenericSignatureParser::tokenize @ 34 (822 bytes)
C2 CompilerThread1     3607 3087       4       org.aspectj.weaver.TypeFactory::createTypeFromSignature (985 bytes)

VM state: not at safepoint (normal execution)

VM Mutex/Monitor currently owned by a thread: None

Heap address: 0x0000000740400000, size: 3068 MB, Compressed Oops mode: Zero based, Oop shift amount: 3

CDS archive(s) mapped at: [0x0000000800000000-0x0000000800ba0000-0x0000000800ba0000), size 12189696, SharedBaseAddress: 0x0000000800000000, ArchiveRelocationMode: 0.
Compressed class space mapped at: 0x0000000800c00000-0x0000000840c00000, reserved size: 1073741824
Narrow klass base: 0x0000000800000000, Narrow klass shift: 0, Narrow klass range: 0x100000000

GC Precious Log:
 CardTable entry size: 512
 Card Set container configuration: InlinePtr #cards 4 size 8 Array Of Cards #cards 16 size 48 Howl #buckets 8 coarsen threshold 3686 Howl Bitmap #cards 512 size 80 coarsen threshold 460 Card regions per heap region 1 cards per card region 4096
 CPUs: 6 total, 6 available
 Memory: 12271M
 Large Page Support: Disabled
 NUMA Support: Disabled
 Compressed Oops: Enabled (Zero based)
 Heap Region Size: 2M
 Heap Min Capacity: 8M
 Heap Initial Capacity: 192M
 Heap Max Capacity: 3068M
 Pre-touch: Disabled
 Parallel Workers: 6
 Concurrent Workers: 2
 Concurrent Refinement Workers: 6
 Periodic GC: Disabled

Heap:
 garbage-first heap   total 131072K, used 66725K [0x0000000740400000, 0x0000000800000000)
  region size 2048K, 24 young (49152K), 7 survivors (14336K)
 Metaspace       used 24838K, committed 25024K, reserved 1114112K
  class space    used 2613K, committed 2688K, reserved 1048576K

Heap Regions: E=young(eden), S=young(survivor), O=old, HS=humongous(starts), HC=humongous(continues), CS=collection set, F=free, OA=open archive, CA=closed archive, TAMS=top-at-mark-start (previous, next)
|   0|0x0000000740400000, 0x0000000740600000, 0x0000000740600000|100%| O|  |TAMS 0x0000000740600000, 0x0000000740400000| Untracked 
|   1|0x0000000740600000, 0x0000000740800000, 0x0000000740800000|100%| O|  |TAMS 0x0000000740800000, 0x0000000740600000| Untracked 
|   2|0x0000000740800000, 0x0000000740a00000, 0x0000000740a00000|100%| O|  |TAMS 0x0000000740a00000, 0x0000000740800000| Untracked 
|   3|0x0000000740a00000, 0x0000000740c00000, 0x0000000740c00000|100%| O|  |TAMS 0x0000000740c00000, 0x0000000740a00000| Untracked 
|   4|0x0000000740c00000, 0x0000000740e00000, 0x0000000740e00000|100%| O|  |TAMS 0x0000000740e00000, 0x0000000740c00000| Untracked 
|   5|0x0000000740e00000, 0x0000000741000000, 0x0000000741000000|100%| O|  |TAMS 0x0000000741000000, 0x0000000740e00000| Untracked 
|   6|0x0000000741000000, 0x0000000741200000, 0x0000000741200000|100%| O|  |TAMS 0x0000000741200000, 0x0000000741000000| Untracked 
|   7|0x0000000741200000, 0x0000000741400000, 0x0000000741400000|100%| O|  |TAMS 0x0000000741400000, 0x0000000741200000| Untracked 
|   8|0x0000000741400000, 0x0000000741600000, 0x0000000741600000|100%| O|  |TAMS 0x0000000741600000, 0x0000000741400000| Untracked 
|   9|0x0000000741600000, 0x0000000741729400, 0x0000000741800000| 58%| O|  |TAMS 0x0000000741729400, 0x0000000741600000| Complete 
|  10|0x0000000741800000, 0x0000000741800000, 0x0000000741a00000|  0%| F|  |TAMS 0x0000000741800000, 0x0000000741800000| Untracked 
|  11|0x0000000741a00000, 0x0000000741a00000, 0x0000000741c00000|  0%| F|  |TAMS 0x0000000741a00000, 0x0000000741a00000| Untracked 
|  12|0x0000000741c00000, 0x0000000741c00000, 0x0000000741e00000|  0%| F|  |TAMS 0x0000000741c00000, 0x0000000741c00000| Untracked 
|  13|0x0000000741e00000, 0x0000000741e00000, 0x0000000742000000|  0%| F|  |TAMS 0x0000000741e00000, 0x0000000741e00000| Untracked 
|  14|0x0000000742000000, 0x0000000742000000, 0x0000000742200000|  0%| F|  |TAMS 0x0000000742000000, 0x0000000742000000| Untracked 
|  15|0x0000000742200000, 0x0000000742200000, 0x0000000742400000|  0%| F|  |TAMS 0x0000000742200000, 0x0000000742200000| Untracked 
|  16|0x0000000742400000, 0x0000000742400000, 0x0000000742600000|  0%| F|  |TAMS 0x0000000742400000, 0x0000000742400000| Untracked 
|  17|0x0000000742600000, 0x0000000742600000, 0x0000000742800000|  0%| F|  |TAMS 0x0000000742600000, 0x0000000742600000| Untracked 
|  18|0x0000000742800000, 0x0000000742800000, 0x0000000742a00000|  0%| F|  |TAMS 0x0000000742800000, 0x0000000742800000| Untracked 
|  19|0x0000000742a00000, 0x0000000742a00000, 0x0000000742c00000|  0%| F|  |TAMS 0x0000000742a00000, 0x0000000742a00000| Untracked 
|  20|0x0000000742c00000, 0x0000000742c00000, 0x0000000742e00000|  0%| F|  |TAMS 0x0000000742c00000, 0x0000000742c00000| Untracked 
|  21|0x0000000742e00000, 0x0000000742e00000, 0x0000000743000000|  0%| F|  |TAMS 0x0000000742e00000, 0x0000000742e00000| Untracked 
|  22|0x0000000743000000, 0x0000000743000000, 0x0000000743200000|  0%| F|  |TAMS 0x0000000743000000, 0x0000000743000000| Untracked 
|  23|0x0000000743200000, 0x0000000743200000, 0x0000000743400000|  0%| F|  |TAMS 0x0000000743200000, 0x0000000743200000| Untracked 
|  24|0x0000000743400000, 0x0000000743400000, 0x0000000743600000|  0%| F|  |TAMS 0x0000000743400000, 0x0000000743400000| Untracked 
|  25|0x0000000743600000, 0x0000000743600000, 0x0000000743800000|  0%| F|  |TAMS 0x0000000743600000, 0x0000000743600000| Untracked 
|  26|0x0000000743800000, 0x0000000743800000, 0x0000000743a00000|  0%| F|  |TAMS 0x0000000743800000, 0x0000000743800000| Untracked 
|  27|0x0000000743a00000, 0x0000000743a00000, 0x0000000743c00000|  0%| F|  |TAMS 0x0000000743a00000, 0x0000000743a00000| Untracked 
|  28|0x0000000743c00000, 0x0000000743c00000, 0x0000000743e00000|  0%| F|  |TAMS 0x0000000743c00000, 0x0000000743c00000| Untracked 
|  29|0x0000000743e00000, 0x0000000743e00000, 0x0000000744000000|  0%| F|  |TAMS 0x0000000743e00000, 0x0000000743e00000| Untracked 
|  30|0x0000000744000000, 0x0000000744000000, 0x0000000744200000|  0%| F|  |TAMS 0x0000000744000000, 0x0000000744000000| Untracked 
|  31|0x0000000744200000, 0x0000000744200000, 0x0000000744400000|  0%| F|  |TAMS 0x0000000744200000, 0x0000000744200000| Untracked 
|  32|0x0000000744400000, 0x0000000744400000, 0x0000000744600000|  0%| F|  |TAMS 0x0000000744400000, 0x0000000744400000| Untracked 
|  33|0x0000000744600000, 0x0000000744600000, 0x0000000744800000|  0%| F|  |TAMS 0x0000000744600000, 0x0000000744600000| Untracked 
|  34|0x0000000744800000, 0x0000000744800000, 0x0000000744a00000|  0%| F|  |TAMS 0x0000000744800000, 0x0000000744800000| Untracked 
|  35|0x0000000744a00000, 0x0000000744a00000, 0x0000000744c00000|  0%| F|  |TAMS 0x0000000744a00000, 0x0000000744a00000| Untracked 
|  36|0x0000000744c00000, 0x0000000744c00000, 0x0000000744e00000|  0%| F|  |TAMS 0x0000000744c00000, 0x0000000744c00000| Untracked 
|  37|0x0000000744e00000, 0x0000000744e00000, 0x0000000745000000|  0%| F|  |TAMS 0x0000000744e00000, 0x0000000744e00000| Untracked 
|  38|0x0000000745000000, 0x0000000745000000, 0x0000000745200000|  0%| F|  |TAMS 0x0000000745000000, 0x0000000745000000| Untracked 
|  39|0x0000000745200000, 0x0000000745200000, 0x0000000745400000|  0%| F|  |TAMS 0x0000000745200000, 0x0000000745200000| Untracked 
|  40|0x0000000745400000, 0x0000000745600000, 0x0000000745600000|100%| E|  |TAMS 0x0000000745400000, 0x0000000745400000| Complete 
|  41|0x0000000745600000, 0x0000000745800000, 0x0000000745800000|100%| E|CS|TAMS 0x0000000745600000, 0x0000000745600000| Complete 
|  42|0x0000000745800000, 0x0000000745a00000, 0x0000000745a00000|100%| E|CS|TAMS 0x0000000745800000, 0x0000000745800000| Complete 
|  43|0x0000000745a00000, 0x0000000745c00000, 0x0000000745c00000|100%| E|CS|TAMS 0x0000000745a00000, 0x0000000745a00000| Complete 
|  44|0x0000000745c00000, 0x0000000745e00000, 0x0000000745e00000|100%| E|CS|TAMS 0x0000000745c00000, 0x0000000745c00000| Complete 
|  45|0x0000000745e00000, 0x0000000746000000, 0x0000000746000000|100%| E|CS|TAMS 0x0000000745e00000, 0x0000000745e00000| Complete 
|  46|0x0000000746000000, 0x0000000746200000, 0x0000000746200000|100%| E|CS|TAMS 0x0000000746000000, 0x0000000746000000| Complete 
|  47|0x0000000746200000, 0x0000000746400000, 0x0000000746400000|100%| E|CS|TAMS 0x0000000746200000, 0x0000000746200000| Complete 
|  48|0x0000000746400000, 0x0000000746600000, 0x0000000746600000|100%| E|CS|TAMS 0x0000000746400000, 0x0000000746400000| Complete 
|  49|0x0000000746600000, 0x0000000746800000, 0x0000000746800000|100%| S|CS|TAMS 0x0000000746600000, 0x0000000746600000| Complete 
|  50|0x0000000746800000, 0x0000000746a00000, 0x0000000746a00000|100%| S|CS|TAMS 0x0000000746800000, 0x0000000746800000| Complete 
|  51|0x0000000746a00000, 0x0000000746c00000, 0x0000000746c00000|100%| S|CS|TAMS 0x0000000746a00000, 0x0000000746a00000| Complete 
|  52|0x0000000746c00000, 0x0000000746e00000, 0x0000000746e00000|100%| S|CS|TAMS 0x0000000746c00000, 0x0000000746c00000| Complete 
|  53|0x0000000746e00000, 0x0000000747000000, 0x0000000747000000|100%| S|CS|TAMS 0x0000000746e00000, 0x0000000746e00000| Complete 
|  54|0x0000000747000000, 0x0000000747200000, 0x0000000747200000|100%| S|CS|TAMS 0x0000000747000000, 0x0000000747000000| Complete 
|  55|0x0000000747200000, 0x0000000747400000, 0x0000000747400000|100%| S|CS|TAMS 0x0000000747200000, 0x0000000747200000| Complete 
|  56|0x0000000747400000, 0x0000000747600000, 0x0000000747600000|100%| E|CS|TAMS 0x0000000747400000, 0x0000000747400000| Complete 
|  57|0x0000000747600000, 0x0000000747800000, 0x0000000747800000|100%| E|CS|TAMS 0x0000000747600000, 0x0000000747600000| Complete 
|  58|0x0000000747800000, 0x0000000747a00000, 0x0000000747a00000|100%| E|CS|TAMS 0x0000000747800000, 0x0000000747800000| Complete 
|  59|0x0000000747a00000, 0x0000000747c00000, 0x0000000747c00000|100%| E|CS|TAMS 0x0000000747a00000, 0x0000000747a00000| Complete 
|  60|0x0000000747c00000, 0x0000000747e00000, 0x0000000747e00000|100%| E|CS|TAMS 0x0000000747c00000, 0x0000000747c00000| Complete 
|  61|0x0000000747e00000, 0x0000000748000000, 0x0000000748000000|100%| E|CS|TAMS 0x0000000747e00000, 0x0000000747e00000| Complete 
|  94|0x000000074c000000, 0x000000074c200000, 0x000000074c200000|100%| E|CS|TAMS 0x000000074c000000, 0x000000074c000000| Complete 
|  95|0x000000074c200000, 0x000000074c400000, 0x000000074c400000|100%| E|CS|TAMS 0x000000074c200000, 0x000000074c200000| Complete 

Card table byte_map: [0x0000012ba0da0000,0x0000012ba13a0000] _byte_map_base: 0x0000012b9d39e000

Marking Bits (Prev, Next): (CMBitMap*) 0x0000012b89dbd110, (CMBitMap*) 0x0000012b89dbd0d0
 Prev Bits: [0x0000012ba4990000, 0x0000012ba7980000)
 Next Bits: [0x0000012ba19a0000, 0x0000012ba4990000)

Polling page: 0x0000012b87d30000

Metaspace:

Usage:
  Non-class:     21.73 MB used.
      Class:      2.55 MB used.
       Both:     24.28 MB used.

Virtual space:
  Non-class space:       64.00 MB reserved,      21.88 MB ( 34%) committed,  1 nodes.
      Class space:        1.00 GB reserved,       2.62 MB ( <1%) committed,  1 nodes.
             Both:        1.06 GB reserved,      24.50 MB (  2%) committed. 

Chunk freelists:
   Non-Class:  1.78 MB
       Class:  1.38 MB
        Both:  3.16 MB

MaxMetaspaceSize: unlimited
CompressedClassSpaceSize: 1.00 GB
Initial GC threshold: 21.00 MB
Current GC threshold: 35.94 MB
CDS: on
MetaspaceReclaimPolicy: balanced
 - commit_granule_bytes: 65536.
 - commit_granule_words: 8192.
 - virtual_space_node_default_size: 8388608.
 - enlarge_chunks_in_place: 1.
 - new_chunks_are_fully_committed: 0.
 - uncommit_free_chunks: 1.
 - use_allocation_guard: 0.


Internal statistics:

num_allocs_failed_limit: 6.
num_arena_births: 152.
num_arena_deaths: 0.
num_vsnodes_births: 2.
num_vsnodes_deaths: 0.
num_space_committed: 392.
num_space_uncommitted: 0.
num_chunks_returned_to_freelist: 6.
num_chunks_taken_from_freelist: 747.
num_chunk_merges: 0.
num_chunk_splits: 537.
num_chunks_enlarged: 456.
num_inconsistent_stats: 0.

CodeHeap 'non-profiled nmethods': size=120000Kb used=1918Kb max_used=1918Kb free=118081Kb
 bounds [0x0000012b99160000, 0x0000012b993d0000, 0x0000012ba0690000]
CodeHeap 'profiled nmethods': size=120000Kb used=7723Kb max_used=7723Kb free=112276Kb
 bounds [0x0000012b91c30000, 0x0000012b923c0000, 0x0000012b99160000]
CodeHeap 'non-nmethods': size=5760Kb used=1267Kb max_used=1304Kb free=4492Kb
 bounds [0x0000012b91690000, 0x0000012b91900000, 0x0000012b91c30000]
 total_blobs=3654 nmethods=3091 adapters=476
 compilation: enabled
              stopped_count=0, restarted_count=0
 full_count=0

Compilation events (20 events):
Event: 3.464 Thread 0x0000012baa14fdb0 3089       1       java.lang.Class::getClassLoader0 (5 bytes)
Event: 3.464 Thread 0x0000012baa14fdb0 nmethod 3089 0x0000012b99330290 code [0x0000012b99330420, 0x0000012b993304f8]
Event: 3.466 Thread 0x0000012baa14fdb0 3090       3       jdk.internal.loader.NativeLibraries$NativeLibraryImpl::find (6 bytes)
Event: 3.466 Thread 0x0000012baa14fdb0 nmethod 3090 0x0000012b923b0d10 code [0x0000012b923b0ea0, 0x0000012b923b0fc8]
Event: 3.474 Thread 0x0000012baa14fdb0 3092       3       java.util.Arrays::fill (21 bytes)
Event: 3.474 Thread 0x0000012baa14fdb0 nmethod 3092 0x0000012b923b1090 code [0x0000012b923b1220, 0x0000012b923b13d8]
Event: 3.483 Thread 0x0000012baa14fdb0 3094       1       java.net.InetAddress::holder (5 bytes)
Event: 3.483 Thread 0x0000012baa14fdb0 nmethod 3094 0x0000012b99330990 code [0x0000012b99330b20, 0x0000012b99330bf8]
Event: 3.483 Thread 0x0000012baa14fdb0 3095       1       java.util.concurrent.locks.AbstractOwnableSynchronizer::setExclusiveOwnerThread (6 bytes)
Event: 3.483 Thread 0x0000012baa14fdb0 nmethod 3095 0x0000012b99330c90 code [0x0000012b99330e20, 0x0000012b99330f38]
Event: 3.484 Thread 0x0000012baa14fdb0 3096       3       sun.security.provider.SHA2::implCompress0 (490 bytes)
Event: 3.485 Thread 0x0000012baa14fdb0 nmethod 3096 0x0000012b923b1510 code [0x0000012b923b1700, 0x0000012b923b1fc8]
Event: 3.486 Thread 0x0000012baa14fdb0 3097       1       java.util.concurrent.locks.AbstractQueuedSynchronizer::setState (6 bytes)
Event: 3.486 Thread 0x0000012baa14fdb0 nmethod 3097 0x0000012b99330f90 code [0x0000012b99331120, 0x0000012b993311f8]
Event: 3.486 Thread 0x0000012baa14fdb0 3098       1       java.util.concurrent.locks.AbstractQueuedSynchronizer::getState (5 bytes)
Event: 3.486 Thread 0x0000012baa14fdb0 nmethod 3098 0x0000012b99331290 code [0x0000012b99331420, 0x0000012b993314f8]
Event: 3.525 Thread 0x0000012baa14fdb0 3099       3       jdk.internal.misc.Unsafe::checkNativeAddress (28 bytes)
Event: 3.525 Thread 0x0000012baa14fdb0 nmethod 3099 0x0000012b923b2490 code [0x0000012b923b2620, 0x0000012b923b2738]
Event: 3.525 Thread 0x0000012baa14fdb0 3100       3       java.io.DataInputStream::readUTF (501 bytes)
Event: 3.527 Thread 0x0000012baa14fdb0 nmethod 3100 0x0000012b923b2810 code [0x0000012b923b2c60, 0x0000012b923b4d08]

GC Heap History (10 events):
Event: 0.772 GC heap before
{Heap before GC invocations=0 (full 0):
 garbage-first heap   total 196608K, used 20480K [0x0000000740400000, 0x0000000800000000)
  region size 2048K, 10 young (20480K), 0 survivors (0K)
 Metaspace       used 5654K, committed 5824K, reserved 1114112K
  class space    used 512K, committed 576K, reserved 1048576K
}
Event: 0.778 GC heap after
{Heap after GC invocations=1 (full 0):
 garbage-first heap   total 196608K, used 4872K [0x0000000740400000, 0x0000000800000000)
  region size 2048K, 2 young (4096K), 2 survivors (4096K)
 Metaspace       used 5654K, committed 5824K, reserved 1114112K
  class space    used 512K, committed 576K, reserved 1048576K
}
Event: 1.203 GC heap before
{Heap before GC invocations=1 (full 0):
 garbage-first heap   total 196608K, used 29448K [0x0000000740400000, 0x0000000800000000)
  region size 2048K, 15 young (30720K), 2 survivors (4096K)
 Metaspace       used 9187K, committed 9280K, reserved 1114112K
  class space    used 777K, committed 832K, reserved 1048576K
}
Event: 1.216 GC heap after
{Heap after GC invocations=2 (full 0):
 garbage-first heap   total 196608K, used 12047K [0x0000000740400000, 0x0000000800000000)
  region size 2048K, 2 young (4096K), 2 survivors (4096K)
 Metaspace       used 9187K, committed 9280K, reserved 1114112K
  class space    used 777K, committed 832K, reserved 1048576K
}
Event: 1.682 GC heap before
{Heap before GC invocations=2 (full 0):
 garbage-first heap   total 196608K, used 50959K [0x0000000740400000, 0x0000000800000000)
  region size 2048K, 22 young (45056K), 2 survivors (4096K)
 Metaspace       used 11839K, committed 12032K, reserved 1114112K
  class space    used 986K, committed 1088K, reserved 1048576K
}
Event: 1.695 GC heap after
{Heap after GC invocations=3 (full 0):
 garbage-first heap   total 196608K, used 19397K [0x0000000740400000, 0x0000000800000000)
  region size 2048K, 3 young (6144K), 3 survivors (6144K)
 Metaspace       used 11839K, committed 12032K, reserved 1114112K
  class space    used 986K, committed 1088K, reserved 1048576K
}
Event: 2.342 GC heap before
{Heap before GC invocations=3 (full 0):
 garbage-first heap   total 196608K, used 76741K [0x0000000740400000, 0x0000000800000000)
  region size 2048K, 31 young (63488K), 3 survivors (6144K)
 Metaspace       used 15268K, committed 15424K, reserved 1114112K
  class space    used 1445K, committed 1536K, reserved 1048576K
}
Event: 2.354 GC heap after
{Heap after GC invocations=4 (full 0):
 garbage-first heap   total 196608K, used 25765K [0x0000000740400000, 0x0000000800000000)
  region size 2048K, 3 young (6144K), 3 survivors (6144K)
 Metaspace       used 15268K, committed 15424K, reserved 1114112K
  class space    used 1445K, committed 1536K, reserved 1048576K
}
Event: 3.236 GC heap before
{Heap before GC invocations=4 (full 0):
 garbage-first heap   total 196608K, used 99493K [0x0000000740400000, 0x0000000800000000)
  region size 2048K, 40 young (81920K), 3 survivors (6144K)
 Metaspace       used 21328K, committed 21504K, reserved 1114112K
  class space    used 2226K, committed 2304K, reserved 1048576K
}
Event: 3.252 GC heap after
{Heap after GC invocations=5 (full 0):
 garbage-first heap   total 196608K, used 33957K [0x0000000740400000, 0x0000000800000000)
  region size 2048K, 7 young (14336K), 7 survivors (14336K)
 Metaspace       used 21328K, committed 21504K, reserved 1114112K
  class space    used 2226K, committed 2304K, reserved 1048576K
}

Deoptimization events (20 events):
Event: 3.369 Thread 0x0000012b89d5e200 Uncommon trap: trap_request=0xffffff76 fr.pc=0x0000012b99316c28 relative=0x0000000000000368
Event: 3.369 Thread 0x0000012b89d5e200 Uncommon trap: reason=predicate action=maybe_recompile pc=0x0000012b99316c28 method=java.util.ArrayList.batchRemove(Ljava/util/Collection;ZII)Z @ 18 c2
Event: 3.369 Thread 0x0000012b89d5e200 DEOPT PACKING pc=0x0000012b99316c28 sp=0x0000000eb30fb590
Event: 3.369 Thread 0x0000012b89d5e200 DEOPT UNPACKING pc=0x0000012b916e23a3 sp=0x0000000eb30fb538 mode 2
Event: 3.458 Thread 0x0000012b89d5e200 DEOPT PACKING pc=0x0000012b921f72fd sp=0x0000000eb30f7a20
Event: 3.458 Thread 0x0000012b89d5e200 DEOPT UNPACKING pc=0x0000012b916e2b43 sp=0x0000000eb30f6ea8 mode 0
Event: 3.525 Thread 0x0000012b89d5e200 Uncommon trap: trap_request=0xffffff45 fr.pc=0x0000012b992cc41c relative=0x000000000000101c
Event: 3.525 Thread 0x0000012b89d5e200 Uncommon trap: reason=unstable_if action=reinterpret pc=0x0000012b992cc41c method=java.io.DataInputStream.readUTF(Ljava/io/DataInput;)Ljava/lang/String; @ 154 c2
Event: 3.525 Thread 0x0000012b89d5e200 DEOPT PACKING pc=0x0000012b992cc41c sp=0x0000000eb30f6cf0
Event: 3.525 Thread 0x0000012b89d5e200 DEOPT UNPACKING pc=0x0000012b916e23a3 sp=0x0000000eb30f6c88 mode 2
Event: 3.527 Thread 0x0000012b89d5e200 DEOPT PACKING pc=0x0000012b923b46f6 sp=0x0000000eb30f78c0
Event: 3.527 Thread 0x0000012b89d5e200 DEOPT UNPACKING pc=0x0000012b916e2b43 sp=0x0000000eb30f6dd0 mode 0
Event: 3.530 Thread 0x0000012b89d5e200 DEOPT PACKING pc=0x0000012b923b46f6 sp=0x0000000eb30f6be0
Event: 3.530 Thread 0x0000012b89d5e200 DEOPT UNPACKING pc=0x0000012b916e2b43 sp=0x0000000eb30f60f0 mode 0
Event: 3.531 Thread 0x0000012b89d5e200 DEOPT PACKING pc=0x0000012b923b46f6 sp=0x0000000eb30f6c70
Event: 3.531 Thread 0x0000012b89d5e200 DEOPT UNPACKING pc=0x0000012b916e2b43 sp=0x0000000eb30f6180 mode 0
Event: 3.533 Thread 0x0000012b89d5e200 DEOPT PACKING pc=0x0000012b923b46f6 sp=0x0000000eb30f5350
Event: 3.533 Thread 0x0000012b89d5e200 DEOPT UNPACKING pc=0x0000012b916e2b43 sp=0x0000000eb30f4860 mode 0
Event: 3.534 Thread 0x0000012b89d5e200 DEOPT PACKING pc=0x0000012b923b46f6 sp=0x0000000eb30f5350
Event: 3.534 Thread 0x0000012b89d5e200 DEOPT UNPACKING pc=0x0000012b916e2b43 sp=0x0000000eb30f4860 mode 0

Classes loaded (20 events):
Event: 3.473 Loading class sun/nio/ch/Interruptible done
Event: 3.473 Loading class java/nio/channels/spi/AbstractInterruptibleChannel$1 done
Event: 3.474 Loading class java/nio/BufferMismatch
Event: 3.474 Loading class java/nio/BufferMismatch done
Event: 3.475 Loading class sun/nio/ch/SourceChannelImpl
Event: 3.475 Loading class java/nio/channels/Pipe$SourceChannel
Event: 3.475 Loading class java/nio/channels/Pipe$SourceChannel done
Event: 3.475 Loading class sun/nio/ch/SourceChannelImpl done
Event: 3.475 Loading class sun/nio/ch/SinkChannelImpl
Event: 3.475 Loading class java/nio/channels/Pipe$SinkChannel
Event: 3.475 Loading class java/nio/channels/Pipe$SinkChannel done
Event: 3.475 Loading class sun/nio/ch/SinkChannelImpl done
Event: 3.475 Loading class sun/nio/ch/SocketChannelImpl$DefaultOptionsHolder
Event: 3.475 Loading class sun/nio/ch/SocketChannelImpl$DefaultOptionsHolder done
Event: 3.477 Loading class java/nio/channels/SelectionKey
Event: 3.477 Loading class java/nio/channels/SelectionKey done
Event: 3.509 Loading class java/nio/charset/CharacterCodingException
Event: 3.509 Loading class java/nio/charset/CharacterCodingException done
Event: 3.526 Loading class sun/nio/cs/UTF_8$Encoder
Event: 3.526 Loading class sun/nio/cs/UTF_8$Encoder done

Classes unloaded (0 events):
No events

Classes redefined (0 events):
No events

Internal exceptions (20 events):
Event: 2.316 Thread 0x0000012b89d5e200 Exception <a 'java/lang/NoSuchMethodError'{0x00000007486573a8}: 'void java.lang.invoke.DirectMethodHandle$Holder.invokeStatic(java.lang.Object, java.lang.Object, java.lang.Object, java.lang.Object)'> (0x00000007486573a8) 
thrown [s\open\src\hotspot\share\interpreter\linkResolver.cpp, line 759]
Event: 2.318 Thread 0x0000012b89d5e200 Exception <a 'java/lang/NoSuchMethodError'{0x000000074867a878}: 'java.lang.Object java.lang.invoke.DirectMethodHandle$Holder.newInvokeSpecial(java.lang.Object, java.lang.Object, int)'> (0x000000074867a878) 
thrown [s\open\src\hotspot\share\interpreter\linkResolver.cpp, line 759]
Event: 2.340 Thread 0x0000012b89d5e200 Exception <a 'java/lang/NoSuchMethodError'{0x00000007487f29f8}: 'java.lang.Object java.lang.invoke.DirectMethodHandle$Holder.invokeStaticInit(java.lang.Object)'> (0x00000007487f29f8) 
thrown [s\open\src\hotspot\share\interpreter\linkResolver.cpp, line 759]
Event: 2.364 Thread 0x0000012b89d5e200 Exception <a 'java/lang/NoSuchMethodError'{0x000000074c299120}: 'int java.lang.invoke.DirectMethodHandle$Holder.invokeStatic(java.lang.Object, java.lang.Object, java.lang.Object, java.lang.Object, java.lang.Object)'> (0x000000074c299120) 
thrown [s\open\src\hotspot\share\interpreter\linkResolver.cpp, line 759]
Event: 2.375 Thread 0x0000012b89d5e200 Exception <a 'java/lang/NoSuchMethodError'{0x000000074c387180}: 'void java.lang.invoke.DirectMethodHandle$Holder.invokeStaticInit(java.lang.Object)'> (0x000000074c387180) 
thrown [s\open\src\hotspot\share\interpreter\linkResolver.cpp, line 759]
Event: 2.414 Thread 0x0000012b89d5e200 Exception <a 'java/lang/NoSuchMethodError'{0x000000074bed8b00}: 'int java.lang.invoke.DirectMethodHandle$Holder.invokeStaticInit(java.lang.Object, java.lang.Object)'> (0x000000074bed8b00) 
thrown [s\open\src\hotspot\share\interpreter\linkResolver.cpp, line 759]
Event: 2.463 Thread 0x0000012b89d5e200 Exception <a 'java/lang/NoSuchMethodError'{0x000000074bcbe3d8}: 'java.lang.Object java.lang.invoke.DirectMethodHandle$Holder.invokeStaticInit(java.lang.Object, int, int, int, int)'> (0x000000074bcbe3d8) 
thrown [s\open\src\hotspot\share\interpreter\linkResolver.cpp, line 759]
Event: 2.535 Thread 0x0000012b89d5e200 Exception <a 'java/lang/NoSuchMethodError'{0x000000074bd58a20}: 'java.lang.Object java.lang.invoke.DirectMethodHandle$Holder.invokeStaticInit(java.lang.Object, java.lang.Object, int, int, int, int)'> (0x000000074bd58a20) 
thrown [s\open\src\hotspot\share\interpreter\linkResolver.cpp, line 759]
Event: 2.541 Thread 0x0000012b89d5e200 Exception <a 'java/lang/IncompatibleClassChangeError'{0x000000074bd840d0}: Found class java.lang.Object, but interface was expected> (0x000000074bd840d0) 
thrown [s\open\src\hotspot\share\interpreter\linkResolver.cpp, line 826]
Event: 2.542 Thread 0x0000012b89d5e200 Exception <a 'java/lang/IncompatibleClassChangeError'{0x000000074bd8b0a8}: Found class java.lang.Object, but interface was expected> (0x000000074bd8b0a8) 
thrown [s\open\src\hotspot\share\interpreter\linkResolver.cpp, line 826]
Event: 2.543 Thread 0x0000012b89d5e200 Exception <a 'java/lang/NoSuchMethodError'{0x000000074bd99c68}: 'java.lang.Object java.lang.invoke.DirectMethodHandle$Holder.newInvokeSpecial(java.lang.Object, java.lang.Object, java.lang.Object, java.lang.Object, java.lang.Object, java.lang.Object, java.lang.Object)'> (0x000000074bd99c68) 
thrown [s\open\src\hotspot\share\interpreter\linkResolver.cpp, line 759]
Event: 2.544 Thread 0x0000012b89d5e200 Exception <a 'java/lang/NoSuchMethodError'{0x000000074bd9e580}: 'java.lang.Object java.lang.invoke.Invokers$Holder.linkToTargetMethod(java.lang.Object, java.lang.Object, java.lang.Object, java.lang.Object, java.lang.Object, java.lang.Object, java.lang.Object)'> (0x000000074bd9e580) 
thrown [s\open\src\hotspot\share\interpreter\linkResolver.cpp, line 759]
Event: 2.544 Thread 0x0000012b89d5e200 Exception <a 'java/lang/NoSuchMethodError'{0x000000074bda4df8}: 'java.lang.Object java.lang.invoke.DirectMethodHandle$Holder.invokeInterface(java.lang.Object, java.lang.Object, java.lang.Object, java.lang.Object, java.lang.Object)'> (0x000000074bda4df8) 
thrown [s\open\src\hotspot\share\interpreter\linkResolver.cpp, line 759]
Event: 2.545 Thread 0x0000012b89d5e200 Exception <a 'java/lang/IncompatibleClassChangeError'{0x000000074bda8948}: Found class java.lang.Object, but interface was expected> (0x000000074bda8948) 
thrown [s\open\src\hotspot\share\interpreter\linkResolver.cpp, line 826]
Event: 2.554 Thread 0x0000012b89d5e200 Exception <a 'java/lang/NoSuchMethodError'{0x000000074ba51818}: 'int java.lang.invoke.DirectMethodHandle$Holder.invokeInterface(java.lang.Object, java.lang.Object)'> (0x000000074ba51818) 
thrown [s\open\src\hotspot\share\interpreter\linkResolver.cpp, line 759]
Event: 2.561 Thread 0x0000012b89d5e200 Exception <a 'java/lang/IncompatibleClassChangeError'{0x000000074baa6030}: Found class java.lang.Object, but interface was expected> (0x000000074baa6030) 
thrown [s\open\src\hotspot\share\interpreter\linkResolver.cpp, line 826]
Event: 2.571 Thread 0x0000012b89d5e200 Exception <a 'java/lang/NoSuchMethodError'{0x000000074bb5fd90}: 'void java.lang.invoke.DirectMethodHandle$Holder.invokeVirtual(java.lang.Object, java.lang.Object)'> (0x000000074bb5fd90) 
thrown [s\open\src\hotspot\share\interpreter\linkResolver.cpp, line 759]
Event: 2.658 Thread 0x0000012b89d5e200 Exception <a 'java/net/SocketException'{0x000000074b25f330}: Socket is not connected: shutdown> (0x000000074b25f330) 
thrown [s\open\src\hotspot\share\prims\jni.cpp, line 535]
Event: 2.832 Thread 0x0000012b89d5e200 Exception <a 'java/lang/NoSuchMethodError'{0x000000074a0580e8}: 'void java.lang.invoke.DirectMethodHandle$Holder.invokeStaticInit(java.lang.Object, java.lang.Object)'> (0x000000074a0580e8) 
thrown [s\open\src\hotspot\share\interpreter\linkResolver.cpp, line 759]
Event: 3.176 Thread 0x0000012b89d5e200 Exception <a 'sun/nio/fs/WindowsException'{0x00000007476e0c60}> (0x00000007476e0c60) 
thrown [s\open\src\hotspot\share\prims\jni.cpp, line 516]

VM Operations (20 events):
Event: 2.708 Executing VM operation: ICBufferFull
Event: 2.709 Executing VM operation: ICBufferFull done
Event: 2.902 Executing VM operation: HandshakeAllThreads
Event: 2.902 Executing VM operation: HandshakeAllThreads done
Event: 2.919 Executing VM operation: HandshakeAllThreads
Event: 2.919 Executing VM operation: HandshakeAllThreads done
Event: 3.105 Executing VM operation: HandshakeAllThreads
Event: 3.105 Executing VM operation: HandshakeAllThreads done
Event: 3.138 Executing VM operation: HandshakeAllThreads
Event: 3.138 Executing VM operation: HandshakeAllThreads done
Event: 3.236 Executing VM operation: CollectForMetadataAllocation
Event: 3.252 Executing VM operation: CollectForMetadataAllocation done
Event: 3.264 Executing VM operation: CollectForMetadataAllocation
Event: 3.264 Executing VM operation: CollectForMetadataAllocation done
Event: 3.283 Executing VM operation: G1Concurrent
Event: 3.285 Executing VM operation: G1Concurrent done
Event: 3.295 Executing VM operation: G1Concurrent
Event: 3.295 Executing VM operation: G1Concurrent done
Event: 3.507 Executing VM operation: HandshakeAllThreads
Event: 3.507 Executing VM operation: HandshakeAllThreads done

Events (20 events):
Event: 0.041 Thread 0x0000012baa1473c0 Thread added: 0x0000012baa1473c0
Event: 0.042 Thread 0x0000012baa14fdb0 Thread added: 0x0000012baa14fdb0
Event: 0.042 Thread 0x0000012baa18df90 Thread added: 0x0000012baa18df90
Event: 0.160 Thread 0x0000012b89e1c4d0 Thread added: 0x0000012b89e1c4d0
Event: 0.191 Loaded shared library C:\Program Files\Java\jdk-18.0.2\bin\zip.dll
Event: 0.195 Loaded shared library C:\Program Files\Java\jdk-18.0.2\bin\instrument.dll
Event: 0.202 Loaded shared library C:\Program Files\Java\jdk-18.0.2\bin\net.dll
Event: 0.204 Loaded shared library C:\Program Files\Java\jdk-18.0.2\bin\nio.dll
Event: 0.212 Loaded shared library C:\Program Files\Java\jdk-18.0.2\bin\zip.dll
Event: 0.247 Thread 0x0000012bae598930 Thread added: 0x0000012bae598930
Event: 0.330 Loaded shared library C:\Program Files\Java\jdk-18.0.2\bin\jimage.dll
Event: 0.789 Loaded shared library C:\Users\Krisz\AppData\Local\JetBrains\Toolbox\apps\IDEA-U\ch-0\221.6008.13\bin\breakgen64.dll
Event: 0.790 Thread 0x0000012baf41f660 Thread added: 0x0000012baf41f660
Event: 0.791 Thread 0x0000012baf3ae0b0 Thread added: 0x0000012baf3ae0b0
Event: 1.002 Loaded shared library C:\Program Files\Java\jdk-18.0.2\bin\verify.dll
Event: 2.788 Thread 0x0000012baf3b0260 Thread added: 0x0000012baf3b0260
Event: 2.992 Loaded shared library C:\Program Files\Java\jdk-18.0.2\bin\management.dll
Event: 2.996 Loaded shared library C:\Program Files\Java\jdk-18.0.2\bin\management_ext.dll
Event: 3.044 Thread 0x0000012baf3b0c00 Thread added: 0x0000012baf3b0c00
Event: 3.132 Loaded shared library C:\Program Files\Java\jdk-18.0.2\bin\sunmscapi.dll


Dynamic libraries:
0x00007ff65ec50000 - 0x00007ff65ec60000 	C:\Program Files\Java\jdk-18.0.2\bin\java.exe
0x00007ffac7550000 - 0x00007ffac7746000 	C:\Windows\SYSTEM32\ntdll.dll
0x00007ffac7390000 - 0x00007ffac744d000 	C:\Windows\System32\KERNEL32.DLL
0x00007ffac4eb0000 - 0x00007ffac5178000 	C:\Windows\System32\KERNELBASE.dll
0x00007ffac5180000 - 0x00007ffac5280000 	C:\Windows\System32\ucrtbase.dll
0x00007ffab1f30000 - 0x00007ffab1f4a000 	C:\Program Files\Java\jdk-18.0.2\bin\VCRUNTIME140.dll
0x00007ffab4b10000 - 0x00007ffab4b28000 	C:\Program Files\Java\jdk-18.0.2\bin\jli.dll
0x00007ffac63e0000 - 0x00007ffac648c000 	C:\Windows\System32\ADVAPI32.dll
0x00007ffac61f0000 - 0x00007ffac628e000 	C:\Windows\System32\msvcrt.dll
0x00007ffac6740000 - 0x00007ffac67db000 	C:\Windows\System32\sechost.dll
0x00007ffac60c0000 - 0x00007ffac61e4000 	C:\Windows\System32\RPCRT4.dll
0x00007ffac6840000 - 0x00007ffac69e0000 	C:\Windows\System32\USER32.dll
0x00007ffac4e80000 - 0x00007ffac4ea2000 	C:\Windows\System32\win32u.dll
0x00007ffac6290000 - 0x00007ffac62ba000 	C:\Windows\System32\GDI32.dll
0x00007ffac4d70000 - 0x00007ffac4e79000 	C:\Windows\System32\gdi32full.dll
0x00007ffaab8a0000 - 0x00007ffaabb3b000 	C:\Windows\WinSxS\amd64_microsoft.windows.common-controls_6595b64144ccf1df_6.0.19041.488_none_ca04af081b815d21\COMCTL32.dll
0x00007ffac5300000 - 0x00007ffac539d000 	C:\Windows\System32\msvcp_win.dll
0x00007ffabca20000 - 0x00007ffabca2a000 	C:\Windows\SYSTEM32\VERSION.dll
0x00007ffac74e0000 - 0x00007ffac7510000 	C:\Windows\System32\IMM32.DLL
0x00007ffab5d00000 - 0x00007ffab5d0c000 	C:\Program Files\Java\jdk-18.0.2\bin\vcruntime140_1.dll
0x00007ffaaa700000 - 0x00007ffaaa78d000 	C:\Program Files\Java\jdk-18.0.2\bin\msvcp140.dll
0x00007ffa69780000 - 0x00007ffa6a391000 	C:\Program Files\Java\jdk-18.0.2\bin\server\jvm.dll
0x00007ffac74d0000 - 0x00007ffac74d8000 	C:\Windows\System32\PSAPI.DLL
0x00007ffabb490000 - 0x00007ffabb4b7000 	C:\Windows\SYSTEM32\WINMM.dll
0x00007ffac0790000 - 0x00007ffac0799000 	C:\Windows\SYSTEM32\WSOCK32.dll
0x00007ffac5bf0000 - 0x00007ffac5c5b000 	C:\Windows\System32\WS2_32.dll
0x00007ffac2b20000 - 0x00007ffac2b32000 	C:\Windows\SYSTEM32\kernel.appcore.dll
0x00007ffab5510000 - 0x00007ffab551a000 	C:\Program Files\Java\jdk-18.0.2\bin\jimage.dll
0x00007ffabea90000 - 0x00007ffabec74000 	C:\Windows\SYSTEM32\DBGHELP.DLL
0x00007ffab27e0000 - 0x00007ffab280c000 	C:\Windows\SYSTEM32\dbgcore.DLL
0x00007ffac4c90000 - 0x00007ffac4d0f000 	C:\Windows\System32\bcryptPrimitives.dll
0x00007ffac25d0000 - 0x00007ffac25de000 	C:\Program Files\Java\jdk-18.0.2\bin\instrument.dll
0x00007ffab0e80000 - 0x00007ffab0ea5000 	C:\Program Files\Java\jdk-18.0.2\bin\java.dll
0x00007ffaa7650000 - 0x00007ffaa7726000 	C:\Program Files\Java\jdk-18.0.2\bin\jsvml.dll
0x00007ffac6c40000 - 0x00007ffac7381000 	C:\Windows\System32\SHELL32.dll
0x00007ffac2e00000 - 0x00007ffac3595000 	C:\Windows\SYSTEM32\windows.storage.dll
0x00007ffac5d60000 - 0x00007ffac60b5000 	C:\Windows\System32\combase.dll
0x00007ffac4700000 - 0x00007ffac472c000 	C:\Windows\SYSTEM32\Wldp.dll
0x00007ffac6490000 - 0x00007ffac653e000 	C:\Windows\System32\SHCORE.dll
0x00007ffac6be0000 - 0x00007ffac6c35000 	C:\Windows\System32\shlwapi.dll
0x00007ffac4bc0000 - 0x00007ffac4be6000 	C:\Windows\SYSTEM32\profapi.dll
0x00007ffaaeee0000 - 0x00007ffaaeef8000 	C:\Program Files\Java\jdk-18.0.2\bin\zip.dll
0x00007ffab11e0000 - 0x00007ffab11f3000 	C:\Program Files\Java\jdk-18.0.2\bin\net.dll
0x00007ffabfc20000 - 0x00007ffabfd20000 	C:\Windows\SYSTEM32\WINHTTP.dll
0x00007ffac4480000 - 0x00007ffac44ea000 	C:\Windows\system32\mswsock.dll
0x00007ffaaf670000 - 0x00007ffaaf686000 	C:\Program Files\Java\jdk-18.0.2\bin\nio.dll
0x00007ffac10e0000 - 0x00007ffac10fa000 	C:\Users\Krisz\AppData\Local\JetBrains\Toolbox\apps\IDEA-U\ch-0\221.6008.13\bin\breakgen64.dll
0x00007ffab4c20000 - 0x00007ffab4c30000 	C:\Program Files\Java\jdk-18.0.2\bin\verify.dll
0x00007ffac4650000 - 0x00007ffac4668000 	C:\Windows\SYSTEM32\CRYPTSP.dll
0x00007ffac3da0000 - 0x00007ffac3dd4000 	C:\Windows\system32\rsaenh.dll
0x00007ffac52d0000 - 0x00007ffac52f7000 	C:\Windows\System32\bcrypt.dll
0x00007ffac4b40000 - 0x00007ffac4b6e000 	C:\Windows\SYSTEM32\USERENV.dll
0x00007ffac4670000 - 0x00007ffac467c000 	C:\Windows\SYSTEM32\CRYPTBASE.dll
0x00007ffac4120000 - 0x00007ffac415b000 	C:\Windows\SYSTEM32\IPHLPAPI.DLL
0x00007ffac69e0000 - 0x00007ffac69e8000 	C:\Windows\System32\NSI.dll
0x00007ffabe430000 - 0x00007ffabe447000 	C:\Windows\SYSTEM32\dhcpcsvc6.DLL
0x00007ffabe7a0000 - 0x00007ffabe7bd000 	C:\Windows\SYSTEM32\dhcpcsvc.DLL
0x00007ffac4170000 - 0x00007ffac423b000 	C:\Windows\SYSTEM32\DNSAPI.dll
0x00007ffab6660000 - 0x00007ffab666a000 	C:\Windows\System32\rasadhlp.dll
0x00007ffab6e70000 - 0x00007ffab6eef000 	C:\Windows\System32\fwpuclnt.dll
0x00007ffac25c0000 - 0x00007ffac25c9000 	C:\Program Files\Java\jdk-18.0.2\bin\management.dll
0x00007ffac1100000 - 0x00007ffac110b000 	C:\Program Files\Java\jdk-18.0.2\bin\management_ext.dll
0x00007ffac08a0000 - 0x00007ffac08ae000 	C:\Program Files\Java\jdk-18.0.2\bin\sunmscapi.dll
0x00007ffac53a0000 - 0x00007ffac54fd000 	C:\Windows\System32\CRYPT32.dll
0x00007ffac4770000 - 0x00007ffac4797000 	C:\Windows\SYSTEM32\ncrypt.dll
0x00007ffac4730000 - 0x00007ffac476b000 	C:\Windows\SYSTEM32\NTASN1.dll

dbghelp: loaded successfully - version: 4.0.5 - missing functions: none
symbol engine: initialized successfully - sym options: 0x614 - pdb path: .;C:\Program Files\Java\jdk-18.0.2\bin;C:\Windows\SYSTEM32;C:\Windows\WinSxS\amd64_microsoft.windows.common-controls_6595b64144ccf1df_6.0.19041.488_none_ca04af081b815d21;C:\Program Files\Java\jdk-18.0.2\bin\server;C:\Users\Krisz\AppData\Local\JetBrains\Toolbox\apps\IDEA-U\ch-0\221.6008.13\bin

VM Arguments:
jvm_args: -ea -javaagent:C:\Users\Krisz\.m2\repository/org/aspectj/aspectjweaver/1.9.9.1/aspectjweaver-1.9.9.1.jar -Didea.test.cyclic.buffer.size=1048576 -javaagent:C:\Users\Krisz\AppData\Local\JetBrains\Toolbox\apps\IDEA-U\ch-0\221.6008.13\lib\idea_rt.jar=57559:C:\Users\Krisz\AppData\Local\JetBrains\Toolbox\apps\IDEA-U\ch-0\221.6008.13\bin -Dfile.encoding=UTF-8 
java_command: com.intellij.rt.junit.JUnitStarter -ideVersion5 -junit5 com.codecool.testautomation.test.PermissionsWithGlassTest,CheckPermissionAccess
java_class_path (initial): C:\Users\Krisz\AppData\Local\JetBrains\Toolbox\apps\IDEA-U\ch-0\221.6008.13\lib\idea_rt.jar;C:\Users\Krisz\AppData\Local\JetBrains\Toolbox\apps\IDEA-U\ch-0\221.6008.13\plugins\junit\lib\junit5-rt.jar;C:\Users\Krisz\AppData\Local\JetBrains\Toolbox\apps\IDEA-U\ch-0\221.6008.13\plugins\junit\lib\junit-rt.jar;C:\Users\Krisz\Desktop\CodeCool\TestBranch\Projects\TestAutomation-POM\target\test-classes;C:\Users\Krisz\.m2\repository\org\seleniumhq\selenium\selenium-java\4.1.4\selenium-java-4.1.4.jar;C:\Users\Krisz\.m2\repository\org\seleniumhq\selenium\selenium-api\4.1.4\selenium-api-4.1.4.jar;C:\Users\Krisz\.m2\repository\org\seleniumhq\selenium\selenium-chrome-driver\4.1.4\selenium-chrome-driver-4.1.4.jar;C:\Users\Krisz\.m2\repository\com\google\auto\service\auto-service-annotations\1.0.1\auto-service-annotations-1.0.1.jar;C:\Users\Krisz\.m2\repository\com\google\auto\service\auto-service\1.0.1\auto-service-1.0.1.jar;C:\Users\Krisz\.m2\repository\com\google\auto\auto-common\1.2\auto-common-1.2.jar;C:\Users\Krisz\.m2\repository\com\google\guava\guava\31.1-jre\guava-31.1-jre.jar;C:\Users\Krisz\.m2\repository\com\google\guava\failureaccess\1.0.1\failureaccess-1.0.1.jar;C:\Users\Krisz\.m2\repository\com\google\guava\listenablefuture\9999.0-empty-to-avoid-conflict-with-guava\listenablefuture-9999.0-empty-to-avoid-conflict-with-guava.jar;C:\Users\Krisz\.m2\repository\com\google\code\findbugs\jsr305\3.0.2\jsr305-3.0.2.jar;C:\Users\Krisz\.m2\repository\org\checkerframework\checker-qual\3.12.0\checker-qual-3.12.0.jar;C:\Users\Krisz\.m2\repository\com\google\errorprone\error_prone_annotations\2.11.0\error_prone_annotations-2.11.0.jar;C:\Users\Krisz\.m2\repository\com\google\j2objc\j2objc-annotations\1.3\j2objc-annotations-1.3.jar;C:\Users\Krisz\.m2\repository\org\seleniumhq\selenium\selenium-chromium-driver\4.1.4\selenium-chromium-driver-4.1.4.jar;C:\Users\Krisz\.m2\repository\org\seleniumhq\selenium\selenium-json\4.1.4\selenium-json-4.1.4.jar;C:\Users\Krisz\.m2\repository\org\seleniumhq\selenium\selenium-devtools-v100\4.1.4\selenium-devtools-v100-4.1.4.jar;C:\Users\Krisz\.m2\repository\org\seleniumhq\selenium\selenium-devtools-v101\4.1.4\selenium-devtools-v101-4.1.4.jar;C:\Users\Krisz\.m2\repository\org\seleniumhq\selenium\selenium-devtools-v85\4.1.4\selenium-devtools-v85-4.1.4.jar;C:\Users\Krisz\.m2\repository\org\seleniumhq\selenium\selenium-devtools-v99\4.1.4\selenium-devtools-v99-4.1.4.jar;C:\Users\Krisz\.m2\repository\org\seleniumhq\selenium\selenium-edge-driver\4.1.4\selenium-edge-driver-4.1.4.jar;C:\Users\Krisz\.m2\repository\org\seleniumhq\selenium\selenium-firefox-driver\4.1.4\selenium-firefox-driver-4.1.4.jar;C:\Users\Krisz\.m2\repository\org\seleniumhq\selenium\selenium-ie-driver\4.1.4\selenium-ie-driver-4.1.4.jar;C:\Users\Krisz\.m2\repository\org\seleniumhq\selenium\selenium-opera-driver\4.1.4\selenium-opera-driver-4.1.4.jar;C:\Users\Krisz\.m2\repository\org\seleniumhq\selenium\selenium-remote-driver\4.1.4\selenium-remote-driver-4.1.4.jar;C:\Users\Krisz\.m2\repository\com\beust\jcommander\1.82\jcommander-1.82.jar;C:\Users\Krisz\.m2\repository\io\netty\netty-buffer\4.1.76.Final\netty-buffer-4.1.76.Final.jar;C:\Users\Krisz\.m2\repository\io\netty\netty-codec-http\4.1.76.Final\netty-codec-http-4.1.76.Final.jar;C:\Users\Krisz\.m2\repository\io\netty\netty-codec\4.1.76.Final\netty-codec-4.1.76.Final.jar;C:\Users\Krisz\.m2\repository\io\netty\netty-handler\4.1.76.Final\netty-handler-4.1.76.Final.jar;C:\Users\Krisz\.m2\repository\io\netty\netty-common\4.1.76.Final\netty-common-4.1.76.Final.jar;C:\Users\Krisz\.m2\repository\io\netty\netty-transport-classes-epoll\4.1.76.Final\netty-transport-classes-epoll-4.1.76.Final.jar;C:\Users\Krisz\.m2\repository\io\netty\netty-transport-classes-kqueue\4.1.76.Final\netty-transport-classes-kqueue-4.1.76.Final.jar;C:\Users\Krisz\.m2\repository\io\netty\netty-transport-native-epoll\4.1.76.Final\netty-transport-native-epoll-4.1.76.Final.jar;C:\Users\Krisz\.m2\repository\io\netty\netty-transport-native-kqueue\4.1.76.Final\netty-transport-native-kqueue-4.1.76.Final.jar;C:\Users\Krisz\.m2\repository\io\netty\netty-transport-native-unix-common\4.1.76.Final\netty-transport-native-unix-common-4.1.76.Final.jar;C:\Users\Krisz\.m2\repository\io\netty\netty-transport\4.1.76.Final\netty-transport-4.1.76.Final.jar;C:\Users\Krisz\.m2\repository\io\netty\netty-resolver\4.1.76.Final\netty-resolver-4.1.76.Final.jar;C:\Users\Krisz\.m2\repository\io\opentelemetry\opentelemetry-api\1.13.0\opentelemetry-api-1.13.0.jar;C:\Users\Krisz\.m2\repository\io\opentelemetry\opentelemetry-context\1.13.0\opentelemetry-context-1.13.0.jar;C:\Users\Krisz\.m2\repository\io\opentelemetry\opentelemetry-exporter-logging\1.13.0\opentelemetry-exporter-logging-1.13.0.jar;C:\Users\Krisz\.m2\repository\io\opentelemetry\opentelemetry-sdk-metrics\1.13.0-alpha\opentelemetry-sdk-metrics-1.13.0-alpha.jar;C:\Users\Krisz\.m2\repository\io\opentelemetry\opentelemetry-sdk-logs\1.13.0-alpha\opentelemetry-sdk-logs-1.13.0-alpha.jar;C:\Users\Krisz\.m2\repository\io\opentelemetry\opentelemetry-sdk-common\1.13.0\opentelemetry-sdk-common-1.13.0.jar;C:\Users\Krisz\.m2\repository\io\opentelemetry\opentelemetry-sdk-extension-autoconfigure-spi\1.13.0\opentelemetry-sdk-extension-autoconfigure-spi-1.13.0.jar;C:\Users\Krisz\.m2\repository\io\opentelemetry\opentelemetry-sdk-extension-autoconfigure\1.13.0-alpha\opentelemetry-sdk-extension-autoconfigure-1.13.0-alpha.jar;C:\Users\Krisz\.m2\repository\io\opentelemetry\opentelemetry-sdk-trace\1.13.0\opentelemetry-sdk-trace-1.13.0.jar;C:\Users\Krisz\.m2\repository\io\opentelemetry\opentelemetry-sdk\1.13.0\opentelemetry-sdk-1.13.0.jar;C:\Users\Krisz\.m2\repository\io\opentelemetry\opentelemetry-semconv\1.13.0-alpha\opentelemetry-semconv-1.13.0-alpha.jar;C:\Users\Krisz\.m2\repository\io\ous\jtoml\2.0.0\jtoml-2.0.0.jar;C:\Users\Krisz\.m2\repository\net\bytebuddy\byte-buddy\1.12.9\byte-buddy-1.12.9.jar;C:\Users\Krisz\.m2\repository\org\apache\commons\commons-exec\1.3\commons-exec-1.3.jar;C:\Users\Krisz\.m2\repository\org\asynchttpclient\async-http-client\2.12.3\async-http-client-2.12.3.jar;C:\Users\Krisz\.m2\repository\org\asynchttpclient\async-http-client-netty-utils\2.12.3\async-http-client-netty-utils-2.12.3.jar;C:\Users\Krisz\.m2\repository\io\netty\netty-codec-socks\4.1.60.Final\netty-codec-socks-4.1.60.Final.jar;C:\Users\Krisz\.m2\repository\io\netty\netty-handler-proxy\4.1.60.Final\netty-handler-proxy-4.1.60.Final.jar;C:\Users\Krisz\.m2\repository\io\netty\netty-transport-native-epoll\4.1.60.Final\netty-transport-native-epoll-4.1.60.Final-linux-x86_64.jar;C:\Users\Krisz\.m2\repository\io\netty\netty-transport-native-kqueue\4.1.60.Final\netty-transport-native-kqueue-4.1.60.Final-osx-x86_64.jar;C:\Users\Krisz\.m2\repository\org\reactivestreams\reactive-streams\1.0.3\reactive-streams-1.0.3.jar;C:\Users\Krisz\.m2\repository\com\typesafe\netty\netty-reactive-streams\2.0.4\netty-reactive-streams-2.0.4.jar;C:\Users\Krisz\.m2\repository\com\sun\activation\jakarta.activation\1.2.2\jakarta.activation-1.2.2.jar;C:\Users\Krisz\.m2\repository\org\seleniumhq\selenium\selenium-http\4.1.4\selenium-http-4.1.4.jar;C:\Users\Krisz\.m2\repository\dev\failsafe\failsafe\3.2.3\failsafe-3.2.3.jar;C:\Users\Krisz\.m2\repository\org\seleniumhq\selenium\selenium-safari-driver\4.1.4\selenium-safari-driver-4.1.4.jar;C:\Users\Krisz\.m2\repository\org\seleniumhq\selenium\selenium-support\4.1.4\selenium-support-4.1.4.jar;C:\Users\Krisz\.m2\repository\io\qameta\allure\allure-junit5\2.17.3\allure-junit5-2.17.3.jar;C:\Users\Krisz\.m2\repository\io\qameta\allure\allure-junit-platform\2.17.3\allure-junit-platform-2.17.3.jar;C:\Users\Krisz\.m2\repository\io\qameta\allure\allure-java-commons\2.17.3\allure-java-commons-2.17.3.jar;C:\Users\Krisz\.m2\repository\io\qameta\allure\allure-model\2.17.3\allure-model-2.17.3.jar;C:\Users\Krisz\.m2\repository\io\qameta\allure\allure-test-filter\2.17.3\allure-test-filter-2.17.3.jar;C:\Users\Krisz\.m2\repository\org\junit\platform\junit-platform-launcher\1.8.2\junit-platform-launcher-1.8.2.jar;C:\Users\Krisz\.m2\repository\org\junit\jupiter\junit-jupiter-api\5.8.2\junit-jupiter-api-5.8.2.jar;C:\Users\Krisz\.m2\repository\org\opentest4j\opentest4j\1.2.0\opentest4j-1.2.0.jar;C:\Users\Krisz\.m2\repository\org\junit\platform\junit-platform-commons\1.8.2\junit-platform-commons-1.8.2.jar;C:\Users\Krisz\.m2\repository\org\apiguardian\apiguardian-api\1.1.2\apiguardian-api-1.1.2.jar;C:\Users\Krisz\.m2\repository\org\junit\jupiter\junit-jupiter-engine\5.8.2\junit-jupiter-engine-5.8.2.jar;C:\Users\Krisz\.m2\repository\org\junit\platform\junit-platform-engine\1.8.2\junit-platform-engine-1.8.2.jar;C:\Users\Krisz\.m2\repository\org\slf4j\slf4j-simple\1.7.30\slf4j-simple-1.7.30.jar;C:\Users\Krisz\.m2\repository\org\slf4j\slf4j-api\1.7.30\slf4j-api-1.7.30.jar;C:\Users\Krisz\.m2\repository\org\assertj\assertj-core\3.23.1\assertj-core-3.23.1.jar;C:\Users\Krisz\.m2\repository\net\bytebuddy\byte-buddy\1.12.10\byte-buddy-1.12.10.jar
Launcher Type: SUN_STANDARD

[Global flags]
     intx CICompilerCount                          = 3                                         {product} {ergonomic}
     uint ConcGCThreads                            = 2                                         {product} {ergonomic}
     uint G1ConcRefinementThreads                  = 6                                         {product} {ergonomic}
   size_t G1HeapRegionSize                         = 2097152                                   {product} {ergonomic}
    uintx GCDrainStackTargetSize                   = 64                                        {product} {ergonomic}
   size_t InitialHeapSize                          = 201326592                                 {product} {ergonomic}
   size_t MarkStackSize                            = 4194304                                   {product} {ergonomic}
   size_t MaxHeapSize                              = 3217031168                                {product} {ergonomic}
   size_t MaxNewSize                               = 1929379840                                {product} {ergonomic}
   size_t MinHeapDeltaBytes                        = 2097152                                   {product} {ergonomic}
   size_t MinHeapSize                              = 8388608                                   {product} {ergonomic}
    uintx NonNMethodCodeHeapSize                   = 5832780                                {pd product} {ergonomic}
    uintx NonProfiledCodeHeapSize                  = 122912730                              {pd product} {ergonomic}
    uintx ProfiledCodeHeapSize                     = 122912730                              {pd product} {ergonomic}
    uintx ReservedCodeCacheSize                    = 251658240                              {pd product} {ergonomic}
     bool SegmentedCodeCache                       = true                                      {product} {ergonomic}
   size_t SoftMaxHeapSize                          = 3217031168                             {manageable} {ergonomic}
     bool UseCompressedClassPointers               = true                           {product lp64_product} {ergonomic}
     bool UseCompressedOops                        = true                           {product lp64_product} {ergonomic}
     bool UseG1GC                                  = true                                      {product} {ergonomic}
     bool UseLargePagesIndividualAllocation        = false                                  {pd product} {ergonomic}

Logging:
Log output configuration:
 #0: stdout all=warning uptime,level,tags foldmultilines=false
 #1: stderr all=off uptime,level,tags foldmultilines=false

Environment Variables:
PATH=C:\Program Files\Microsoft\jdk-11.0.12.7-hotspot\bin;C:\Program Files\Common Files\Oracle\Java\javapath;C:\Windows\system32;C:\Windows;C:\Windows\System32\Wbem;C:\Windows\System32\WindowsPowerShell\v1.0\;C:\Windows\System32\OpenSSH\;C:\Program Files\Git\cmd;C:\Program Files\Microsoft SQL Server\150\Tools\Binn\;C:\Program Files\Microsoft SQL Server\Client SDK\ODBC\170\Tools\Binn\;C:\Program Files\dotnet\;C:\Users\Krisz\AppData\Local\Microsoft\WindowsApps;;C:\Users\Krisz\AppData\Local\Programs\Microsoft VS Code\bin;C:\Users\Krisz\AppData\Local\JetBrains\Toolbox\scripts;C:\Users\Krisz\.dotnet\tools
USERNAME=Krisz
OS=Windows_NT
PROCESSOR_IDENTIFIER=AMD64 Family 21 Model 2 Stepping 0, AuthenticAMD



---------------  S Y S T E M  ---------------

OS:
 Windows 10 , 64 bit Build 19041 (10.0.19041.546)
OS uptime: 4 days 22:51 hours

CPU: total 6 (initial active 6) (6 cores per cpu, 1 threads per core) family 21 model 2 stepping 0 microcode 0x0, cx8, cmov, fxsr, mmx, 3dnowpref, sse, sse2, sse3, ssse3, sse4a, sse4.1, sse4.2, popcnt, lzcnt, tsc, tscinvbit, avx, aes, clmul, bmi1, fma, vzeroupper, clflush

Memory: 4k page, system-wide physical 12271M (3485M free)
TotalPageFile size 20975M (AvailPageFile size 9535M)
current process WorkingSet (physical memory assigned to process): 180M, peak: 210M
current process commit charge ("private bytes"): 277M, peak: 332M

vm_info: Java HotSpot(TM) 64-Bit Server VM (18.0.2+9-61) for windows-amd64 JRE (18.0.2+9-61), built on Jun  7 2022 13:09:01 by "mach5one" with MS VC++ 16.8 / 16.9 (VS2019)

END.
